<?xml version="1.0" encoding="UTF-8"?>
<!-- Generated by org.testng.reporters.JUnitReportReporter -->
<testsuite skipped="0" hostname="DESKTOP-JRH31QL" name="testng.OrderOfExecution" tests="2" failures="0" timestamp="2020-10-16T13:42:51 IST" time="0.014" errors="0">
  <testcase name="test1" time="0.009" classname="testng.OrderOfExecution"/>
  <system-out/>
  <testcase name="test2" time="0.005" classname="testng.OrderOfExecution"/>
  <system-out/>
</testsuite> <!-- testng.OrderOfExecution -->
