<?xml version="1.0" encoding="UTF-8"?>
<!-- Generated by org.testng.reporters.JUnitReportReporter -->
<testsuite skipped="1" hostname="DESKTOP-JRH31QL" name="testng.Day3" tests="7" failures="0" timestamp="16 Oct 2020 15:50:31 GMT" time="0.032" errors="0">
  <testcase name="mobileLoginCarLoan" time="0.005" classname="testng.Day3"/>
  <testcase name="mobilesignoutCarLoan" time="0.016" classname="testng.Day3"/>
  <testcase name="mobilesignoutCarLoanDataProvider" time="0.001" classname="testng.Day3"/>
  <testcase name="webLoginCarLoan" time="0.004" classname="testng.Day3"/>
  <testcase name="mobilesignoutCarLoanDataProvider" time="0.003" classname="testng.Day3"/>
  <testcase name="mobilesignoutCarLoanDataProvider" time="0.003" classname="testng.Day3"/>
  <testcase name="mobilesigninCarLoan" classname="testng.Day3">
    <skipped/>
  </testcase> <!-- mobilesigninCarLoan -->
</testsuite> <!-- testng.Day3 -->
