<?xml version="1.0" encoding="UTF-8"?>
<!-- Generated by org.testng.reporters.JUnitReportReporter -->
<testsuite skipped="0" hostname="DESKTOP-JRH31QL" name="testng.Day2" tests="1" failures="0" timestamp="16 Oct 2020 15:50:31 GMT" time="0.003" errors="0">
  <testcase name="ploan" time="0.003" classname="testng.Day2"/>
</testsuite> <!-- testng.Day2 -->
